  Algorithm.cpp
  Application.cpp
C:\Users\Thomas Popay\source\repos\Visual Sorting\OpenGL\src\Application.cpp(41,12): warning C4244: 'argument': conversion from 'time_t' to 'unsigned int', possible loss of data
C:\Users\Thomas Popay\source\repos\Visual Sorting\OpenGL\src\Application.cpp(54,17): warning C4305: '*=': truncation from 'double' to 'float'
C:\Users\Thomas Popay\source\repos\Visual Sorting\OpenGL\src\Application.cpp(184,24): warning C4305: 'argument': truncation from 'double' to 'float'
C:\Users\Thomas Popay\source\repos\Visual Sorting\OpenGL\src\Application.cpp(189,97): warning C4305: 'argument': truncation from 'double' to 'float'
C:\Users\Thomas Popay\source\repos\Visual Sorting\OpenGL\src\Application.cpp(189,36): warning C4244: 'argument': conversion from 'double' to 'float', possible loss of data
C:\Users\Thomas Popay\source\repos\Visual Sorting\OpenGL\src\Application.cpp(190,64): warning C4305: 'argument': truncation from 'double' to 'float'
C:\Users\Thomas Popay\source\repos\Visual Sorting\OpenGL\src\Application.cpp(190,35): warning C4244: 'argument': conversion from 'double' to 'float', possible loss of data
C:\Users\Thomas Popay\source\repos\Visual Sorting\OpenGL\src\Application.cpp(191,94): warning C4305: 'argument': truncation from 'double' to 'float'
C:\Users\Thomas Popay\source\repos\Visual Sorting\OpenGL\src\Application.cpp(191,35): warning C4244: 'argument': conversion from 'double' to 'float', possible loss of data
C:\Users\Thomas Popay\source\repos\Visual Sorting\OpenGL\src\Application.cpp(228,52): warning C4244: 'argument': conversion from 'double' to 'float', possible loss of data
  BogoSort.cpp
C:\Users\Thomas Popay\source\repos\Visual Sorting\OpenGL\src\BogoSort.cpp(6,12): warning C4244: 'argument': conversion from 'time_t' to 'unsigned int', possible loss of data
  BubbleSort.cpp
  MergeSort.cpp
C:\Users\Thomas Popay\source\repos\Visual Sorting\OpenGL\src\MergeSort.cpp(41,22): warning C4018: '<': signed/unsigned mismatch
  QuickSort.cpp
  RadixSort.cpp
C:\Users\Thomas Popay\source\repos\Visual Sorting\OpenGL\src\RadixSort.cpp(48,22): warning C4244: '*=': conversion from 'double' to 'int', possible loss of data
  ShakerSort.cpp
  ShuttleSort.cpp
LINK : warning LNK4098: defaultlib 'LIBCMT' conflicts with use of other libs; use /NODEFAULTLIB:library
  Generating code
  1 of 389 functions ( 0.3%) were compiled, the rest were copied from previous compilation.
    0 functions were new in current compilation
    5 functions had inline decision re-evaluated but remain unchanged
  Finished generating code
glew32s.lib(glew.obj) : warning LNK4099: PDB 'vc120.pdb' was not found with 'glew32s.lib(glew.obj)' or at 'C:\Users\Thomas Popay\source\repos\Visual Sorting\OpenGL\Release\vc120.pdb'; linking object as if no debug info
  OpenGL.vcxproj -> C:\Users\Thomas Popay\source\repos\Visual Sorting\OpenGL\Release\Visual Sorting.exe
